<?xml version="1.0" encoding="UTF-8"?>
<!-- Generated by org.testng.reporters.JUnitReportReporter -->
<testsuite hostname="YV-Jerry" failures="0" tests="1" name="Group.E2EProject.ValidateHeaderTest" time="0.148" errors="0" timestamp="2021-12-09T17:04:54 WAT" skipped="0">
  <testcase classname="Group.E2EProject.ValidateHeaderTest" name="validateHeader" time="0.148"/>
  <system-out/>
</testsuite> <!-- Group.E2EProject.ValidateHeaderTest -->
