<?xml version="1.0" encoding="UTF-8"?>
<!-- Generated by org.testng.reporters.JUnitReportReporter -->
<testsuite hostname="YV-Jerry" failures="0" tests="2" name="Group.E2EProject.SignIn" time="40.210" errors="0" timestamp="2021-11-23T21:02:19 WAT" skipped="0">
  <testcase classname="Group.E2EProject.SignIn" name="signIn" time="8.538"/>
  <system-out/>
  <testcase classname="Group.E2EProject.SignIn" name="signIn" time="31.672"/>
  <system-out/>
</testsuite> <!-- Group.E2EProject.SignIn -->
