<?xml version="1.0" encoding="UTF-8"?>
<!-- Generated by org.testng.reporters.JUnitReportReporter -->
<testsuite hostname="YV-Jerry" failures="0" tests="2" name="Group.E2EProject.SignInTest" time="25.685" errors="0" timestamp="2021-12-09T17:04:54 WAT" skipped="0">
  <testcase classname="Group.E2EProject.SignInTest" name="signIn" time="6.378"/>
  <system-out/>
  <testcase classname="Group.E2EProject.SignInTest" name="signIn" time="19.307"/>
  <system-out/>
</testsuite> <!-- Group.E2EProject.SignInTest -->
