<?xml version="1.0" encoding="UTF-8"?>
<!-- Generated by org.testng.reporters.JUnitReportReporter -->
<testsuite hostname="YV-Jerry" failures="0" tests="2" name="Group.E2EProject.SignInTest" time="16.935" errors="0" timestamp="2022-01-10T12:29:20 WAT" skipped="0">
  <testcase classname="Group.E2EProject.SignInTest" name="signIn" time="11.925"/>
  <system-out/>
  <testcase classname="Group.E2EProject.SignInTest" name="signIn" time="5.010"/>
  <system-out/>
</testsuite> <!-- Group.E2EProject.SignInTest -->
