<?xml version="1.0" encoding="UTF-8"?>
<!-- Generated by org.testng.reporters.JUnitReportReporter -->
<testsuite hostname="YV-Jerry" failures="0" tests="1" name="Group.E2EProject.ValidateHeader" time="0.331" errors="0" timestamp="2021-11-16T09:29:54 WAT" skipped="0">
  <testcase classname="Group.E2EProject.ValidateHeader" name="validateHeader" time="0.331"/>
  <system-out/>
</testsuite> <!-- Group.E2EProject.ValidateHeader -->
