<?xml version="1.0" encoding="UTF-8"?>
<!-- Generated by org.testng.reporters.JUnitReportReporter -->
<testsuite hostname="YV-Jerry" failures="0" tests="2" name="Group.E2EProject.intro" time="23.481" errors="0" timestamp="2021-11-02T08:48:12 WAT" skipped="0">
  <testcase classname="Group.E2EProject.intro" name="HomePage" time="12.682"/>
  <system-out/>
  <testcase classname="Group.E2EProject.intro" name="HomePage" time="10.799"/>
  <system-out/>
</testsuite> <!-- Group.E2EProject.intro -->
